<?xml version="1.0" encoding="UTF-8"?>
<testsuite xmlns:xsi="http://www.w3.org/2001/XMLSchema-instance" xsi:noNamespaceSchemaLocation="https://maven.apache.org/surefire/maven-surefire-plugin/xsd/surefire-test-report.xsd" version="3.0.2" name="com.ejemplo.articulos.controller.ProductoControllerExceptionTest" time="2.167" tests="6" errors="0" skipped="0" failures="0">
  <properties>
[...]
</properties>
  <testcase name="testRespuestaExcepcionTieneTimestampYPath" classname="com.ejemplo.articulos.controller.ProductoControllerExceptionTest" time="0.058">
    <system-out><![CDATA[22:11:33.454 [main] INFO org.springframework.test.context.support.AnnotationConfigContextLoaderUtils -- Could not detect default configuration classes for test class [com.ejemplo.articulos.controller.ProductoControllerExceptionTest]: ProductoControllerExceptionTest does not declare any static, non-private, non-final, nested classes annotated with @Configuration.
22:11:33.500 [main] INFO org.springframework.boot.test.context.SpringBootTestContextBootstrapper -- Found @SpringBootConfiguration com.ejemplo.articulos.ArticuloApiApplication for test class com.ejemplo.articulos.controller.ProductoControllerExceptionTest

  .   ____          _            __ _ _
 /\\ / ___'_ __ _ _(_)_ __  __ _ \ \ \ \
( ( )\___ | '_ | '_| | '_ \/ _` | \ \ \ \
 \\/  ___)| |_)| | | | | || (_| |  ) ) ) )
  '  |____| .__|_| |_|_| |_\__, | / / / /
 =========|_|==============|___/=/_/_/_/

 :: Spring Boot ::                (v3.5.0)

2025-12-14T22:11:33.638-03:00  INFO 1839 --- [           main] c.e.a.c.ProductoControllerExceptionTest  : Starting ProductoControllerExceptionTest using Java 21.0.8 with PID 1839 (started by pauloorsini in /Users/pauloorsini/Library/Mobile Documents/com~apple~CloudDocs/Jobs/Edu/TalentoTech/BackEndJAVA/proyecto_final_paulo_orsini/articulo-api-mysql-funcional)
2025-12-14T22:11:33.638-03:00 DEBUG 1839 --- [           main] c.e.a.c.ProductoControllerExceptionTest  : Running with Spring Boot v3.5.0, Spring v6.2.7
2025-12-14T22:11:33.639-03:00  INFO 1839 --- [           main] c.e.a.c.ProductoControllerExceptionTest  : No active profile set, falling back to 1 default profile: "default"
2025-12-14T22:11:33.897-03:00  INFO 1839 --- [           main] .s.d.r.c.RepositoryConfigurationDelegate : Bootstrapping Spring Data JPA repositories in DEFAULT mode.
2025-12-14T22:11:33.918-03:00  INFO 1839 --- [           main] .s.d.r.c.RepositoryConfigurationDelegate : Finished Spring Data repository scanning in 17 ms. Found 2 JPA repository interfaces.
2025-12-14T22:11:34.474-03:00  INFO 1839 --- [           main] o.hibernate.jpa.internal.util.LogHelper  : HHH000204: Processing PersistenceUnitInfo [name: default]
2025-12-14T22:11:34.495-03:00  INFO 1839 --- [           main] org.hibernate.Version                    : HHH000412: Hibernate ORM core version 6.6.15.Final
2025-12-14T22:11:34.506-03:00  INFO 1839 --- [           main] o.h.c.internal.RegionFactoryInitiator    : HHH000026: Second-level cache disabled
2025-12-14T22:11:34.550-03:00  INFO 1839 --- [           main] o.s.o.j.p.SpringPersistenceUnitInfo      : No LoadTimeWeaver setup: ignoring JPA class transformer
2025-12-14T22:11:34.560-03:00  INFO 1839 --- [           main] com.zaxxer.hikari.HikariDataSource       : HikariPool-1 - Starting...
2025-12-14T22:11:34.634-03:00  INFO 1839 --- [           main] com.zaxxer.hikari.pool.HikariPool        : HikariPool-1 - Added connection com.mysql.cj.jdbc.ConnectionImpl@5c0272e0
2025-12-14T22:11:34.635-03:00  INFO 1839 --- [           main] com.zaxxer.hikari.HikariDataSource       : HikariPool-1 - Start completed.
2025-12-14T22:11:34.654-03:00  WARN 1839 --- [           main] org.hibernate.orm.deprecation            : HHH90000025: MySQL8Dialect does not need to be specified explicitly using 'hibernate.dialect' (remove the property setting and it will be selected by default)
2025-12-14T22:11:34.655-03:00  WARN 1839 --- [           main] org.hibernate.orm.deprecation            : HHH90000026: MySQL8Dialect has been deprecated; use org.hibernate.dialect.MySQLDialect instead
2025-12-14T22:11:34.661-03:00  INFO 1839 --- [           main] org.hibernate.orm.connections.pooling    : HHH10001005: Database info:
	Database JDBC URL [Connecting through datasource 'HikariDataSource (HikariPool-1)']
	Database driver: undefined/unknown
	Database version: 8.0
	Autocommit mode: undefined/unknown
	Isolation level: undefined/unknown
	Minimum pool size: undefined/unknown
	Maximum pool size: undefined/unknown
2025-12-14T22:11:34.939-03:00  INFO 1839 --- [           main] o.h.e.t.j.p.i.JtaPlatformInitiator       : HHH000489: No JTA platform available (set 'hibernate.transaction.jta.platform' to enable JTA platform integration)
2025-12-14T22:11:34.958-03:00  INFO 1839 --- [           main] j.LocalContainerEntityManagerFactoryBean : Initialized JPA EntityManagerFactory for persistence unit 'default'
2025-12-14T22:11:35.102-03:00  WARN 1839 --- [           main] JpaBaseConfiguration$JpaWebConfiguration : spring.jpa.open-in-view is enabled by default. Therefore, database queries may be performed during view rendering. Explicitly configure spring.jpa.open-in-view to disable this warning
2025-12-14T22:11:35.467-03:00  INFO 1839 --- [           main] o.s.b.t.m.w.SpringBootMockServletContext : Initializing Spring TestDispatcherServlet ''
2025-12-14T22:11:35.467-03:00  INFO 1839 --- [           main] o.s.t.web.servlet.TestDispatcherServlet  : Initializing Servlet ''
2025-12-14T22:11:35.467-03:00  INFO 1839 --- [           main] o.s.t.web.servlet.TestDispatcherServlet  : Completed initialization in 0 ms
2025-12-14T22:11:35.478-03:00  INFO 1839 --- [           main] c.e.a.c.ProductoControllerExceptionTest  : Started ProductoControllerExceptionTest in 1.938 seconds (process running for 2.265)
2025-12-14T22:11:35.513-03:00  WARN 1839 --- [           main] c.e.a.exception.GlobalExceptionHandler   : Producto no encontrado: Producto con ID 1 no encontrado
]]></system-out>
    <system-err><![CDATA[Mockito is currently self-attaching to enable the inline-mock-maker. This will no longer work in future releases of the JDK. Please add Mockito as an agent to your build as described in Mockito's documentation: https://javadoc.io/doc/org.mockito/mockito-core/latest/org.mockito/org/mockito/Mockito.html#0.3
WARNING: A Java agent has been loaded dynamically (/Users/pauloorsini/.m2/repository/net/bytebuddy/byte-buddy-agent/1.17.5/byte-buddy-agent-1.17.5.jar)
WARNING: If a serviceability tool is in use, please run with -XX:+EnableDynamicAgentLoading to hide this warning
WARNING: If a serviceability tool is not in use, please run with -Djdk.instrument.traceUsage for more information
WARNING: Dynamic loading of agents will be disallowed by default in a future release
]]></system-err>
  </testcase>
  <testcase name="testActualizarProductoNoEncontrado" classname="com.ejemplo.articulos.controller.ProductoControllerExceptionTest" time="0.014">
    <system-out><![CDATA[2025-12-14T22:11:35.554-03:00  WARN 1839 --- [           main] c.e.a.exception.GlobalExceptionHandler   : Producto no encontrado: Producto con ID 999 no encontrado
]]></system-out>
  </testcase>
  <testcase name="testCrearProductoRemeraValido" classname="com.ejemplo.articulos.controller.ProductoControllerExceptionTest" time="0.004"/>
  <testcase name="testCrearProductoSinTipo" classname="com.ejemplo.articulos.controller.ProductoControllerExceptionTest" time="0.003"/>
  <testcase name="testCrearProductoTipoInvalido" classname="com.ejemplo.articulos.controller.ProductoControllerExceptionTest" time="0.003"/>
  <testcase name="testObtenerProductoNoEncontrado" classname="com.ejemplo.articulos.controller.ProductoControllerExceptionTest" time="0.003">
    <system-out><![CDATA[2025-12-14T22:11:35.569-03:00  WARN 1839 --- [           main] c.e.a.exception.GlobalExceptionHandler   : Producto no encontrado: Producto con ID 999 no encontrado
]]></system-out>
  </testcase>
</testsuite>